[14:51:55] [ServerMain/INFO]: Environment: authHost='https://authserver.mojang.com', accountsHost='https://api.mojang.com', sessionHost='https://sessionserver.mojang.com', servicesHost='https://api.minecraftservices.com', name='PROD'
[14:51:58] [ServerMain/WARN]: Ambiguity between arguments [teleport, location] and [teleport, destination] with inputs: [0.1 -0.5 .9, 0 0 0]
[14:51:58] [ServerMain/WARN]: Ambiguity between arguments [teleport, location] and [teleport, targets] with inputs: [0.1 -0.5 .9, 0 0 0]
[14:51:58] [ServerMain/WARN]: Ambiguity between arguments [teleport, destination] and [teleport, targets] with inputs: [Player, 0123, @e, dd12be42-52a9-4a91-a8a1-11c01849e498]
[14:51:58] [ServerMain/WARN]: Ambiguity between arguments [teleport, targets] and [teleport, destination] with inputs: [Player, 0123, dd12be42-52a9-4a91-a8a1-11c01849e498]
[14:51:58] [ServerMain/WARN]: Ambiguity between arguments [teleport, targets, location] and [teleport, targets, destination] with inputs: [0.1 -0.5 .9, 0 0 0]
[14:51:59] [Worker-Main-6/INFO]: Loaded 7 recipes
[14:51:59] [Worker-Main-6/INFO]: Loaded 1141 advancements
[14:52:01] [Server thread/INFO]: Starting minecraft server version 1.18.2
[14:52:01] [Server thread/INFO]: Loading properties
[14:52:01] [Server thread/INFO]: Default game type: SURVIVAL
[14:52:01] [Server thread/INFO]: Generating keypair
[14:52:01] [Server thread/INFO]: Starting Minecraft server on *:25565
[14:52:01] [Server thread/INFO]: Using epoll channel type
[14:52:01] [Server thread/WARN]: **** SERVER IS RUNNING IN OFFLINE/INSECURE MODE!
[14:52:01] [Server thread/WARN]: The server will make no attempt to authenticate usernames. Beware.
[14:52:01] [Server thread/WARN]: While this makes the game possible to play without internet access, it also opens up the ability for hackers to connect with any username they choose.
[14:52:01] [Server thread/WARN]: To change this, set "online-mode" to "true" in the server.properties file.
[14:52:01] [Server thread/INFO]: Preparing level "world"
[14:52:02] [Server thread/INFO]: Preparing start region for dimension minecraft:overworld
[14:52:09] [Worker-Main-4/INFO]: Preparing spawn area: 0%
[14:52:09] [Worker-Main-4/INFO]: Preparing spawn area: 0%
[14:52:09] [Worker-Main-4/INFO]: Preparing spawn area: 0%
[14:52:09] [Worker-Main-4/INFO]: Preparing spawn area: 0%
[14:52:09] [Worker-Main-4/INFO]: Preparing spawn area: 0%
[14:52:09] [Worker-Main-4/INFO]: Preparing spawn area: 0%
[14:52:09] [Worker-Main-4/INFO]: Preparing spawn area: 0%
[14:52:09] [Worker-Main-4/INFO]: Preparing spawn area: 0%
[14:52:09] [Worker-Main-4/INFO]: Preparing spawn area: 0%
[14:52:09] [Worker-Main-4/INFO]: Preparing spawn area: 0%
[14:52:09] [Worker-Main-6/INFO]: Preparing spawn area: 0%
[14:52:09] [Worker-Main-6/INFO]: Preparing spawn area: 0%
[14:52:09] [Worker-Main-6/INFO]: Preparing spawn area: 0%
[14:52:09] [Worker-Main-5/INFO]: Preparing spawn area: 0%
[14:52:09] [Worker-Main-4/INFO]: Preparing spawn area: 0%
[14:52:09] [Worker-Main-4/INFO]: Preparing spawn area: 0%
[14:52:10] [Worker-Main-5/INFO]: Preparing spawn area: 0%
[14:52:10] [Worker-Main-6/INFO]: Preparing spawn area: 24%
[14:52:11] [Worker-Main-6/INFO]: Preparing spawn area: 76%
[14:52:11] [Server thread/INFO]: Time elapsed: 9124 ms
[14:52:11] [Server thread/INFO]: Done (9.297s)! For help, type "help"
[14:52:11] [Server thread/INFO]: Unknown or incomplete command, see below for error
[14:52:11] [Server thread/INFO]: <--[HERE]
[14:53:17] [Server thread/INFO]: DchongYoutuber[/127.73.235.138:41999] logged in with entity id 269 at (-75.8413158030242, 69.0, 64.80378529346658)
[14:53:17] [Server thread/INFO]: DchongYoutuber joined the game
[14:53:20] [Server thread/INFO]: DchongYoutuber lost connection: Disconnected
[14:53:20] [Server thread/INFO]: DchongYoutuber left the game
[14:55:10] [Server thread/INFO]: /127.200.247.245:42947 lost connection: Internal Exception: io.netty.handler.codec.DecoderException: The received string length is longer than maximum allowed (17 > 16)
[14:56:17] [Server thread/INFO]: DchongYoutuber[/127.73.235.138:46077] logged in with entity id 333 at (-75.8413158030242, 69.0, 64.80378529346658)
[14:56:17] [Server thread/INFO]: DchongYoutuber joined the game
[14:59:03] [Server thread/INFO]: DchongYoutuber lost connection: Disconnected
[14:59:03] [Server thread/INFO]: DchongYoutuber left the game
[14:59:06] [Server thread/INFO]: DchongYoutuber[/127.73.235.138:58415] logged in with entity id 827 at (-62.582389876908984, 69.0, 63.3972527531976)
[14:59:06] [Server thread/INFO]: DchongYoutuber joined the game
[14:59:12] [Server thread/INFO]: DchongYoutuber lost connection: Disconnected
[14:59:12] [Server thread/INFO]: DchongYoutuber left the game
[17:27:02] [Server thread/INFO]: Stopping the server
[17:27:02] [Server thread/INFO]: Stopping server
[17:27:02] [Server thread/INFO]: Saving players
[17:27:02] [Server thread/INFO]: Saving worlds
[17:27:03] [Server thread/INFO]: Saving chunks for level 'ServerLevel[world]'/minecraft:overworld
[17:27:16] [Server thread/INFO]: Saving chunks for level 'ServerLevel[world]'/minecraft:the_end
[17:27:16] [Server thread/INFO]: Saving chunks for level 'ServerLevel[world]'/minecraft:the_nether
[17:27:16] [Server thread/INFO]: ThreadedAnvilChunkStorage (world): All chunks are saved
[17:27:16] [Server thread/INFO]: ThreadedAnvilChunkStorage (DIM1): All chunks are saved
[17:27:16] [Server thread/INFO]: ThreadedAnvilChunkStorage (DIM-1): All chunks are saved
[17:27:16] [Server thread/INFO]: ThreadedAnvilChunkStorage: All dimensions are saved
